INFO:2020-11-22 17:20:18,316:use_cases.encryption.makeEncryptString:>>>> use_cases.encryption.makeEncryptString
INFO:2020-11-22 17:20:18,317:use_cases.encryption.makeEncryptString:String to be encrypted: Something cool. This might be awesome!
INFO:2020-11-22 17:20:18,318:use_cases.encryption.makeEncryptString:Encrypted string: Something cool. This might be awesome!
INFO:2020-11-22 17:20:18,318:use_cases.encryption.makeEncryptString:<<<< use_cases.encryption.makeEncryptString
INFO:2020-11-22 17:20:18,330:use_cases.encryption.makeDecryptString:>>>> use_cases.encryption.makeDecryptString
INFO:2020-11-22 17:20:18,330:use_cases.encryption.makeDecryptString:Encrypted string: b'\x1dm\x85\xf98\xcd\x19x\xaa\xbeK\xff\xcb\xbda\x87\xf7\xea\x9c\xe4t\xbf\xfa\xb7G\xe4\xed\xddd\xdd)\x160g\xc3\xed\x84W\x07\xd3W\xe5\xd7\xd3\x93\xd6\x10\xcdw<d\xcf\xf0\x91x<\x10\xcaP0\xf5X\x9f\x13'
INFO:2020-11-22 17:20:18,332:use_cases.encryption.makeDecryptString:Decrypt string: b'Something cool. This might be awesome!'
INFO:2020-11-22 17:20:18,332:use_cases.encryption.makeDecryptString:<<<< use_cases.encryption.makeDecryptString
INFO : 2020-11-22 17:20:45,304 : use_cases.encryption.makeEncryptString : >>>> use_cases.encryption.makeEncryptString
INFO : 2020-11-22 17:20:45,305 : use_cases.encryption.makeEncryptString : String to be encrypted: Something cool. This might be awesome!
INFO : 2020-11-22 17:20:45,305 : use_cases.encryption.makeEncryptString : Encrypted string: Something cool. This might be awesome!
INFO : 2020-11-22 17:20:45,306 : use_cases.encryption.makeEncryptString : <<<< use_cases.encryption.makeEncryptString
INFO : 2020-11-22 17:20:45,315 : use_cases.encryption.makeDecryptString : >>>> use_cases.encryption.makeDecryptString
INFO : 2020-11-22 17:20:45,315 : use_cases.encryption.makeDecryptString : Encrypted string: b"\x01\x959$\xc7\x08\xfc\xf1\xad%\xd6?\x84y\xd0\x06\x06\x01\x1b/Opk'v_j\xdey.0\xc9\xfcd\rv\xe1s\xbcX\x1c\xafw\x95\xe6,\x1e>\xa8\x00\xab\x1e\xbc\x8b#Ff\xaf\x9d`\xc7J\x9b\x11"
INFO : 2020-11-22 17:20:45,317 : use_cases.encryption.makeDecryptString : Decrypt string: b'Something cool. This might be awesome!'
INFO : 2020-11-22 17:20:45,317 : use_cases.encryption.makeDecryptString : <<<< use_cases.encryption.makeDecryptString
INFO : 2020-11-22 17:40:40,798 : use_cases.encryption.makeEncryptString : >>>> use_cases.encryption.makeEncryptString
INFO : 2020-11-22 17:40:40,798 : use_cases.encryption.makeEncryptString : String to be encrypted: Something cool. This might be awesome!
INFO : 2020-11-22 17:40:40,799 : use_cases.encryption.makeEncryptString : Encrypted string: Something cool. This might be awesome!
INFO : 2020-11-22 17:40:40,799 : use_cases.encryption.makeEncryptString : <<<< use_cases.encryption.makeEncryptString
INFO : 2020-11-22 17:40:40,799 : use_cases.encryption.makeDecryptString : >>>> use_cases.encryption.makeDecryptString
INFO : 2020-11-22 17:40:40,800 : use_cases.encryption.makeDecryptString : Encrypted string: b'\x83\xce\x1c\xb9k\xcfC\x11\xc4\xcf\xd2\xdac\x86\xe5\xe2\x8ea\xca\xad\x06j\xc1\x1d\xf7s\x90\r#m%\xf7\x0cP\xf8Yc\tf"\x89*\xd4D\'_[qQ\x02\xe0\x87\x94\x91\xce\x98\xa0\xf4z\xa9:}\x0e\xc6'
INFO : 2020-11-22 17:40:40,801 : use_cases.encryption.makeDecryptString : Decrypt string: b'Something cool. This might be awesome!'
INFO : 2020-11-22 17:40:40,801 : use_cases.encryption.makeDecryptString : <<<< use_cases.encryption.makeDecryptString
INFO : 2020-11-22 17:41:26,545 : use_cases.encryption.makeEncryptString : >>>> use_cases.encryption.makeEncryptString
INFO : 2020-11-22 17:41:26,547 : use_cases.encryption.makeEncryptString : String to be encrypted: Something cool. This might be awesome!
INFO : 2020-11-22 17:41:26,562 : use_cases.encryption.makeEncryptString : Encrypted string: Something cool. This might be awesome!
INFO : 2020-11-22 17:41:26,563 : use_cases.encryption.makeEncryptString : <<<< use_cases.encryption.makeEncryptString
INFO : 2020-11-22 17:41:26,564 : use_cases.encryption.makeDecryptString : >>>> use_cases.encryption.makeDecryptString
INFO : 2020-11-22 17:41:26,565 : use_cases.encryption.makeDecryptString : Encrypted string: b's\x1b:r\x8b\x87\xe0!\xa5\xdff\xf8$4\xe4\x0eq\xa2\x07\xf8#Z\x8d\xc0Q\xc5\xa1\x07\x91L\x921\xcb}O\x7f\xb3\x16\xbf\x9f\xde\x9c\xd2\x0b\xff\x19\x82\xa9\xe1\x87\x954\x82\xec\x1e&\x01\x8b1\x94N=\x82d'
INFO : 2020-11-22 17:41:26,567 : use_cases.encryption.makeDecryptString : Decrypt string: b'Something cool. This might be awesome!'
INFO : 2020-11-22 17:41:26,578 : use_cases.encryption.makeDecryptString : <<<< use_cases.encryption.makeDecryptString
INFO : 2020-11-22 17:46:00,759 : use_cases.encryption.makeEncryptString : >>>> use_cases.encryption.makeEncryptString
INFO : 2020-11-22 17:46:00,760 : use_cases.encryption.makeEncryptString : String to be encrypted: Something cool. This might be awesome!
INFO : 2020-11-22 17:46:00,761 : use_cases.encryption.makeEncryptString : Encrypted string: Something cool. This might be awesome!
INFO : 2020-11-22 17:46:00,772 : use_cases.encryption.makeEncryptString : <<<< use_cases.encryption.makeEncryptString
INFO : 2020-11-22 17:46:00,774 : use_cases.encryption.makeDecryptString : >>>> use_cases.encryption.makeDecryptString
INFO : 2020-11-22 17:46:00,786 : use_cases.encryption.makeDecryptString : Encrypted string: b's\xce\xc1\xef7h\xfd\xd9;\xfa7D\x99\x18\xd6~u\xa0\xf2\x8aZ\x1d\xb1\xd0h2\xe1\xe6\x94\xdff\x1e\xc3&1\xeb\x97\x87,\x94\xa2\xc6\xa1\x86\x82\xdc\x96\xef\xec\xca\xa5\xdf`\x85rT\xd3\xc41\xea8\xb6\xe1\x81'
INFO : 2020-11-22 17:46:00,789 : use_cases.encryption.makeDecryptString : Decrypt string: b'Something cool. This might be awesome!'
INFO : 2020-11-22 17:46:00,790 : use_cases.encryption.makeDecryptString : <<<< use_cases.encryption.makeDecryptString
ERROR : 2020-11-22 17:46:00,791 : __main__(app.py) : fuck
INFO : 2020-11-22 17:47:05,757 : use_cases.encryption.makeEncryptString : >>>> use_cases.encryption.makeEncryptString
INFO : 2020-11-22 17:47:05,758 : use_cases.encryption.makeEncryptString : String to be encrypted: Something cool. This might be awesome!
INFO : 2020-11-22 17:47:05,770 : use_cases.encryption.makeEncryptString : Encrypted string: Something cool. This might be awesome!
INFO : 2020-11-22 17:47:05,772 : use_cases.encryption.makeEncryptString : <<<< use_cases.encryption.makeEncryptString
INFO : 2020-11-22 17:47:05,773 : use_cases.encryption.makeDecryptString : >>>> use_cases.encryption.makeDecryptString
INFO : 2020-11-22 17:47:05,774 : use_cases.encryption.makeDecryptString : Encrypted string: b"t\xb3\xb3<\x84\xfcZb\xf2\xde\xec\x03\xf8K\x8ao\x8a\xc2\x9e\xde\xf9\xc2\xee\x0c\n\xb9#pC\x97FT\x8b\xb0\x89;\xc5Z<\xd6\x12'\xf53\x83\x83\x04g8\x00\xeaG\xce\x03%k\xa4I,\xf7\x91-\xd4s"
INFO : 2020-11-22 17:47:05,775 : use_cases.encryption.makeDecryptString : Decrypt string: b'Something cool. This might be awesome!'
INFO : 2020-11-22 17:47:05,776 : use_cases.encryption.makeDecryptString : <<<< use_cases.encryption.makeDecryptString
ERROR : 2020-11-22 17:47:05,776 : __main__(app.py) : fuck
INFO : 2020-11-22 17:55:41,326 : use_cases.encryption.makeEncryptString : >>>> use_cases.encryption.makeEncryptString
INFO : 2020-11-22 17:55:41,327 : use_cases.encryption.makeEncryptString : String to be encrypted: Something cool. This might be awesome!
INFO : 2020-11-22 17:55:41,339 : use_cases.encryption.makeEncryptString : Encrypted string: Something cool. This might be awesome!
INFO : 2020-11-22 17:55:41,350 : use_cases.encryption.makeEncryptString : <<<< use_cases.encryption.makeEncryptString
INFO : 2020-11-22 17:55:41,351 : use_cases.encryption.makeDecryptString : >>>> use_cases.encryption.makeDecryptString
INFO : 2020-11-22 17:55:41,352 : use_cases.encryption.makeDecryptString : Encrypted string: b'\x9f\x03igf\xe7\x17\x9e*\xf2w\x1a\x9c*\x821\x93\x9dX\xbc\xfa\xf2\xbcA\xbd<]\x94\x0b\xeb\xf8\xd5\xdf\xf4\xeb\xf1T\x1c)\xab\xb2}\x04\xf2;^8\x9bL\xec\xe1\x13wR+\x91\xa4\xb9\xc9.\xcb!?{'
INFO : 2020-11-22 17:55:41,353 : use_cases.encryption.makeDecryptString : Decrypt string: b'Something cool. This might be awesome!'
INFO : 2020-11-22 17:55:41,354 : use_cases.encryption.makeDecryptString : <<<< use_cases.encryption.makeDecryptString
ERROR : 2020-11-22 17:55:41,355 : __main__(app.py) : fuck
INFO : 2020-11-22 17:56:31,742 : use_cases.encryption.makeEncryptString : >>>> use_cases.encryption.makeEncryptString
INFO : 2020-11-22 17:56:31,744 : use_cases.encryption.makeEncryptString : String to be encrypted: Something cool. This might be awesome!
INFO : 2020-11-22 17:56:31,755 : use_cases.encryption.makeEncryptString : Encrypted string: Something cool. This might be awesome!
INFO : 2020-11-22 17:56:31,756 : use_cases.encryption.makeEncryptString : <<<< use_cases.encryption.makeEncryptString
INFO : 2020-11-22 17:56:31,757 : use_cases.encryption.makeDecryptString : >>>> use_cases.encryption.makeDecryptString
INFO : 2020-11-22 17:56:31,758 : use_cases.encryption.makeDecryptString : Encrypted string: b'\x03\xd1x\x14j3\xbf\xc8\x8b\x14\xad\x1d\xa3Y\xff\xa0\x9d\xf8\xda\n|r\xeaE5\xb7c\x14\x13\x81\x1a\xec~\x80\n4\xa6,\rWI\xe5L\xc2R{F8<\x84\xe1\xc1{\x08iV1$#H\x89\xb2\\E'
INFO : 2020-11-22 17:56:31,759 : use_cases.encryption.makeDecryptString : Decrypt string: b'Something cool. This might be awesome!'
INFO : 2020-11-22 17:56:31,760 : use_cases.encryption.makeDecryptString : <<<< use_cases.encryption.makeDecryptString
ERROR : 2020-11-22 17:56:31,760 : __main__(app.py) : fuck
DEBUG : 2020-11-22 17:56:31,761 : __main__(app.py) : fuck
ERROR : 2020-11-22 19:42:04,598 : __main__(app.py) : fuck
INFO : 2020-11-22 19:42:15,036 : use_cases.encryption.makeEncryptString : >>>> use_cases.encryption.makeEncryptString
INFO : 2020-11-22 19:42:15,037 : use_cases.encryption.makeEncryptString : String to be encrypted: Something cool. This might be awesome!
INFO : 2020-11-22 19:42:15,047 : use_cases.encryption.makeEncryptString : Encrypted string: Something cool. This might be awesome!
INFO : 2020-11-22 19:42:15,048 : use_cases.encryption.makeEncryptString : <<<< use_cases.encryption.makeEncryptString
INFO : 2020-11-22 19:42:15,048 : use_cases.encryption.makeDecryptString : >>>> use_cases.encryption.makeDecryptString
INFO : 2020-11-22 19:42:15,049 : use_cases.encryption.makeDecryptString : Encrypted string: b'\x81G\xaa+\x10_!\x93_\xff\x1b\xf4\n\xf2\x10\xe0\xa7\x80\xa4[&k\xe4\xefz\xe3\xfc#\x17\xc0\xfd\x1a\xe9\xde?u\x7f\x16\x04\xd3\xf0\xdd\xde\x93\x17\xbf\x12\x9f\xbb\xe0o\xdd\xc1,N\x97\x81\xef?\xc8u\xff\xe2e'
INFO : 2020-11-22 19:42:15,051 : use_cases.encryption.makeDecryptString : Decrypt string: b'Something cool. This might be awesome!'
INFO : 2020-11-22 19:42:15,052 : use_cases.encryption.makeDecryptString : <<<< use_cases.encryption.makeDecryptString
ERROR : 2020-11-22 19:42:15,053 : __main__(app.py) : fuck
DEBUG : 2020-11-22 19:42:15,053 : __main__(app.py) : fuck
ERROR : 2020-11-22 19:42:28,006 : __main__(app.py) : fuck
INFO : 2020-11-22 19:42:39,918 : use_cases.encryption.makeEncryptString : >>>> use_cases.encryption.makeEncryptString
INFO : 2020-11-22 19:42:39,919 : use_cases.encryption.makeEncryptString : String to be encrypted: Something cool. This might be awesome!
INFO : 2020-11-22 19:42:39,927 : use_cases.encryption.makeEncryptString : Encrypted string: Something cool. This might be awesome!
INFO : 2020-11-22 19:42:39,928 : use_cases.encryption.makeEncryptString : <<<< use_cases.encryption.makeEncryptString
INFO : 2020-11-22 19:42:39,929 : use_cases.encryption.makeDecryptString : >>>> use_cases.encryption.makeDecryptString
INFO : 2020-11-22 19:42:39,936 : use_cases.encryption.makeDecryptString : Encrypted string: b'j0]\xb2\xac\x84l\xf9\xffK\xbfsdf\xcch\xc8N\xd5d\xdaB\xb0_l\x86\xf4@\x1d\xb2U\x14\xec\xfbWNN\x14<6\x07\x88Qhx\xf0\t\xda\x8d\x7f\xc6\xb0\x87ac\xdf-\xab\xa54G?\x0fi'
INFO : 2020-11-22 19:42:39,939 : use_cases.encryption.makeDecryptString : Decrypt string: b'Something cool. This might be awesome!'
INFO : 2020-11-22 19:42:39,939 : use_cases.encryption.makeDecryptString : <<<< use_cases.encryption.makeDecryptString
ERROR : 2020-11-22 19:42:39,940 : __main__(app.py) : fuck
INFO : 2020-11-22 19:44:09,822 : use_cases.encryption.makeEncryptString : >>>> use_cases.encryption.makeEncryptString
INFO : 2020-11-22 19:44:09,823 : use_cases.encryption.makeEncryptString : String to be encrypted: Something cool. This might be awesome!
INFO : 2020-11-22 19:44:09,832 : use_cases.encryption.makeEncryptString : Encrypted string: Something cool. This might be awesome!
INFO : 2020-11-22 19:44:09,833 : use_cases.encryption.makeEncryptString : <<<< use_cases.encryption.makeEncryptString
INFO : 2020-11-22 19:44:09,834 : use_cases.encryption.makeDecryptString : >>>> use_cases.encryption.makeDecryptString
INFO : 2020-11-22 19:44:09,834 : use_cases.encryption.makeDecryptString : Encrypted string: b'wR\x04t\x1bM\x7f\x18I_\xa4\x17(ui:\xa4l7q:\xe7E\xf2\xb6\xfe\xde\xa1\x86r\xc0e\xfb\x81\t\x84\xd1\x13\xa6\xae\xb0\xa2\xe5\x03a\tQ\xdd\xe6\r\xda\xf1\x1ad\xbc\xe3\x17\xd7\x0f\xb3\xf0\x04K;'
INFO : 2020-11-22 19:44:09,836 : use_cases.encryption.makeDecryptString : Decrypt string: b'Something cool. This might be awesome!'
INFO : 2020-11-22 19:44:09,836 : use_cases.encryption.makeDecryptString : <<<< use_cases.encryption.makeDecryptString
ERROR : 2020-11-22 19:44:09,837 : __main__(app.py) : fuck
DEBUG : 2020-11-22 19:44:09,837 : __main__(app.py) : fuck
INFO : 2020-11-22 19:44:33,169 : use_cases.encryption.makeEncryptString : >>>> use_cases.encryption.makeEncryptString
INFO : 2020-11-22 19:44:33,170 : use_cases.encryption.makeEncryptString : String to be encrypted: Something cool. This might be awesome!
INFO : 2020-11-22 19:44:33,179 : use_cases.encryption.makeEncryptString : Encrypted string: Something cool. This might be awesome!
INFO : 2020-11-22 19:44:33,180 : use_cases.encryption.makeEncryptString : <<<< use_cases.encryption.makeEncryptString
INFO : 2020-11-22 19:44:33,181 : use_cases.encryption.makeDecryptString : >>>> use_cases.encryption.makeDecryptString
INFO : 2020-11-22 19:44:33,182 : use_cases.encryption.makeDecryptString : Encrypted string: b'\x19\x9a5\xdc\xeb\xa8\xc9\xbf\xd4"j\x9eU\xcb\xd7\xd0&w\xc45?U\xac\x88\xbe\x1c\xbb\x02\x04\xb7\xc9\xe4m\x85\xd6\x92c\xe9\x8b[\x1b8\xf5\xd1\x01m\xca:$ I\x0e\xc0\x0e\x0b\xe3\xc3\xfde\xd47Q\x0c\x1e'
INFO : 2020-11-22 19:44:33,183 : use_cases.encryption.makeDecryptString : Decrypt string: b'Something cool. This might be awesome!'
INFO : 2020-11-22 19:44:33,184 : use_cases.encryption.makeDecryptString : <<<< use_cases.encryption.makeDecryptString
ERROR : 2020-11-22 19:44:33,185 : __main__(app.py) : fuck
DEBUG : 2020-11-22 19:44:33,185 : __main__(app.py) : fuck
INFO : 2020-11-22 19:46:11,990 : use_cases.encryption.makeEncryptString : >>>> Enter: use_cases.encryption.makeEncryptString
INFO : 2020-11-22 19:46:11,991 : use_cases.encryption.makeEncryptString : String to be encrypted: Something cool. This might be awesome!
INFO : 2020-11-22 19:46:12,000 : use_cases.encryption.makeEncryptString : Encrypted string: Something cool. This might be awesome!
INFO : 2020-11-22 19:46:12,001 : use_cases.encryption.makeEncryptString : <<<< Exit: use_cases.encryption.makeEncryptString
INFO : 2020-11-22 19:46:12,002 : use_cases.encryption.makeDecryptString : >>>> use_cases.encryption.makeDecryptString
INFO : 2020-11-22 19:46:12,003 : use_cases.encryption.makeDecryptString : Encrypted string: b'Ji64\x877\xfe\xf8\x1c\x8f\xbc\x87K&\x10r\xa4!\xb4\xe9\xe6\xff\x9cq\xac\nF\x84\xe7\xa2Q\xdd\x15\x04\xb1\x90j\x06y\x19\xac\xb2.\x0fN\x7ft&\x81,Y\xd2v\xccQ\xc9zw\xd3\xb7\xd7<\xe8\xce'
INFO : 2020-11-22 19:46:12,005 : use_cases.encryption.makeDecryptString : Decrypt string: b'Something cool. This might be awesome!'
INFO : 2020-11-22 19:46:12,005 : use_cases.encryption.makeDecryptString : <<<< use_cases.encryption.makeDecryptString
ERROR : 2020-11-22 19:46:12,006 : __main__(app.py) : fuck
DEBUG : 2020-11-22 19:46:12,015 : __main__(app.py) : fuck
